{
  "RSpec": {
    "coverage": {
      "/home/ad/lxhome/m/muto/Linux/TKT/Web-palevlinohjelmointi/ratebeer/app/helpers/application_helper.rb": {
        "lines": [
          1,
          1,
          1,
          0,
          0,
          0,
          null,
          null,
          0,
          null,
          0,
          null,
          null,
          null,
          null,
          1,
          8,
          null,
          null
        ]
      },
      "/home/ad/lxhome/m/muto/Linux/TKT/Web-palevlinohjelmointi/ratebeer/app/helpers/beer_clubs_helper.rb": {
        "lines": [
          1,
          null
        ]
      },
      "/home/ad/lxhome/m/muto/Linux/TKT/Web-palevlinohjelmointi/ratebeer/app/helpers/beers_helper.rb": {
        "lines": [
          1,
          null
        ]
      },
      "/home/ad/lxhome/m/muto/Linux/TKT/Web-palevlinohjelmointi/ratebeer/app/helpers/breweries_helper.rb": {
        "lines": [
          1,
          null
        ]
      },
      "/home/ad/lxhome/m/muto/Linux/TKT/Web-palevlinohjelmointi/ratebeer/app/helpers/memberships_helper.rb": {
        "lines": [
          1,
          null
        ]
      },
      "/home/ad/lxhome/m/muto/Linux/TKT/Web-palevlinohjelmointi/ratebeer/app/helpers/users_helper.rb": {
        "lines": [
          1,
          null
        ]
      },
      "/home/ad/lxhome/m/muto/Linux/TKT/Web-palevlinohjelmointi/ratebeer/app/models/beer.rb": {
        "lines": [
          1,
          1,
          null,
          1,
          1,
          1,
          1,
          null,
          1,
          1,
          null,
          1,
          3,
          null,
          null,
          1,
          0,
          null,
          0,
          null,
          null,
          1,
          4,
          1,
          null,
          null,
          null
        ]
      },
      "/home/ad/lxhome/m/muto/Linux/TKT/Web-palevlinohjelmointi/ratebeer/app/models/application_record.rb": {
        "lines": [
          1,
          1,
          null
        ]
      },
      "/home/ad/lxhome/m/muto/Linux/TKT/Web-palevlinohjelmointi/ratebeer/app/models/concerns/average_rating.rb": {
        "lines": [
          1,
          1,
          null,
          1,
          28,
          null,
          null
        ]
      },
      "/home/ad/lxhome/m/muto/Linux/TKT/Web-palevlinohjelmointi/ratebeer/app/models/user.rb": {
        "lines": [
          1,
          1,
          null,
          1,
          null,
          1,
          1,
          null,
          1,
          1,
          null,
          1,
          null,
          null,
          1,
          null,
          null,
          1,
          8,
          null,
          7,
          null,
          null,
          1,
          14,
          32,
          28,
          null,
          14,
          null,
          null,
          1,
          9,
          null,
          7,
          null,
          null,
          1,
          7,
          null,
          7,
          null,
          null,
          1,
          3,
          1,
          null,
          null,
          null
        ]
      },
      "/home/ad/lxhome/m/muto/Linux/TKT/Web-palevlinohjelmointi/ratebeer/app/models/brewery.rb": {
        "lines": [
          1,
          1,
          1,
          null,
          1,
          null,
          1,
          1,
          1,
          null,
          null,
          4,
          4,
          null,
          1,
          38,
          null,
          0,
          null,
          null,
          1,
          0,
          0,
          0,
          null,
          null,
          1,
          0,
          0,
          null,
          null,
          1,
          6,
          null,
          null,
          1,
          2,
          1,
          null,
          null,
          null
        ]
      },
      "/home/ad/lxhome/m/muto/Linux/TKT/Web-palevlinohjelmointi/ratebeer/app/models/style.rb": {
        "lines": [
          1,
          1,
          1,
          null,
          1,
          null,
          1,
          4,
          1,
          null,
          null,
          null
        ]
      },
      "/home/ad/lxhome/m/muto/Linux/TKT/Web-palevlinohjelmointi/ratebeer/app/controllers/sessions_controller.rb": {
        "lines": [
          1,
          1,
          null,
          null,
          null,
          1,
          9,
          9,
          8,
          0,
          null,
          8,
          8,
          null,
          null,
          1,
          null,
          null,
          null,
          1,
          null,
          0,
          null,
          0,
          null,
          null
        ]
      },
      "/home/ad/lxhome/m/muto/Linux/TKT/Web-palevlinohjelmointi/ratebeer/app/controllers/application_controller.rb": {
        "lines": [
          1,
          null,
          1,
          null,
          1,
          4,
          null,
          null,
          1,
          122,
          null,
          94,
          null,
          null
        ]
      },
      "/home/ad/lxhome/m/muto/Linux/TKT/Web-palevlinohjelmointi/ratebeer/app/controllers/users_controller.rb": {
        "lines": [
          1,
          1,
          null,
          null,
          1,
          0,
          null,
          null,
          null,
          1,
          null,
          null,
          null,
          1,
          1,
          null,
          null,
          null,
          1,
          null,
          null,
          null,
          1,
          1,
          null,
          1,
          1,
          2,
          1,
          null,
          0,
          0,
          null,
          null,
          null,
          null,
          null,
          1,
          0,
          0,
          0,
          0,
          null,
          0,
          0,
          null,
          null,
          null,
          null,
          null,
          1,
          0,
          0,
          null,
          0,
          0,
          0,
          null,
          null,
          null,
          1,
          0,
          0,
          null,
          0,
          null,
          0,
          null,
          null,
          1,
          null,
          null,
          1,
          14,
          null,
          null,
          null,
          1,
          1,
          null,
          null
        ]
      },
      "/home/ad/lxhome/m/muto/Linux/TKT/Web-palevlinohjelmointi/ratebeer/app/models/rating.rb": {
        "lines": [
          1,
          1,
          1,
          null,
          1,
          null,
          null,
          null,
          2,
          null,
          null
        ]
      },
      "/home/ad/lxhome/m/muto/Linux/TKT/Web-palevlinohjelmointi/ratebeer/app/models/membership.rb": {
        "lines": [
          1,
          1,
          1,
          null
        ]
      },
      "/home/ad/lxhome/m/muto/Linux/TKT/Web-palevlinohjelmointi/ratebeer/app/models/beer_club.rb": {
        "lines": [
          1,
          1,
          1,
          null
        ]
      },
      "/home/ad/lxhome/m/muto/Linux/TKT/Web-palevlinohjelmointi/ratebeer/app/controllers/beers_controller.rb": {
        "lines": [
          1,
          1,
          1,
          1,
          null,
          null,
          1,
          1,
          null,
          null,
          null,
          1,
          0,
          0,
          null,
          null,
          1,
          4,
          4,
          null,
          null,
          null,
          1,
          2,
          null,
          null,
          null,
          1,
          null,
          null,
          null,
          1,
          2,
          null,
          2,
          2,
          2,
          1,
          null,
          2,
          1,
          null,
          null,
          null,
          null,
          null,
          1,
          0,
          0,
          0,
          0,
          null,
          0,
          0,
          null,
          null,
          null,
          null,
          null,
          1,
          0,
          null,
          0,
          0,
          0,
          null,
          null,
          null,
          1,
          null,
          null,
          1,
          0,
          null,
          null,
          null,
          1,
          2,
          null,
          null
        ]
      },
      "/home/ad/lxhome/m/muto/Linux/TKT/Web-palevlinohjelmointi/ratebeer/app/controllers/breweries_controller.rb": {
        "lines": [
          1,
          1,
          1,
          null,
          null,
          1,
          3,
          3,
          null,
          null,
          null,
          1,
          null,
          null,
          null,
          1,
          0,
          null,
          null,
          null,
          1,
          null,
          null,
          null,
          1,
          0,
          null,
          0,
          0,
          0,
          0,
          null,
          0,
          0,
          null,
          null,
          null,
          null,
          null,
          1,
          0,
          0,
          0,
          0,
          null,
          0,
          0,
          null,
          null,
          null,
          null,
          null,
          1,
          0,
          null,
          0,
          0,
          0,
          null,
          null,
          null,
          1,
          0,
          0,
          null,
          0,
          null,
          0,
          null,
          null,
          1,
          null,
          null,
          1,
          1,
          null,
          null,
          null,
          1,
          0,
          null,
          null
        ]
      },
      "/home/ad/lxhome/m/muto/Linux/TKT/Web-palevlinohjelmointi/ratebeer/lib/beermapping_api.rb": {
        "lines": [
          1,
          1,
          9,
          15,
          null,
          null,
          1,
          6,
          null,
          6,
          6,
          null,
          6,
          null,
          4,
          4,
          8,
          null,
          null,
          null,
          1,
          6,
          0,
          null,
          0,
          null,
          null
        ]
      },
      "/home/ad/lxhome/m/muto/Linux/TKT/Web-palevlinohjelmointi/ratebeer/app/models/place.rb": {
        "lines": [
          1,
          1,
          6,
          null,
          null
        ]
      },
      "/home/ad/lxhome/m/muto/Linux/TKT/Web-palevlinohjelmointi/ratebeer/lib/weather_api.rb": {
        "lines": [
          1,
          1,
          0,
          null,
          0,
          null,
          0,
          null,
          null,
          null,
          null,
          null,
          null,
          null,
          null,
          null,
          null,
          null,
          1,
          0,
          0,
          null,
          0,
          null,
          null
        ]
      },
      "/home/ad/lxhome/m/muto/Linux/TKT/Web-palevlinohjelmointi/ratebeer/app/controllers/places_controller.rb": {
        "lines": [
          1,
          1,
          null,
          null,
          1,
          0,
          0,
          0,
          0,
          null,
          null,
          null,
          1,
          3,
          3,
          3,
          null,
          3,
          3,
          1,
          null,
          2,
          null,
          null,
          null
        ]
      },
      "/home/ad/lxhome/m/muto/Linux/TKT/Web-palevlinohjelmointi/ratebeer/app/controllers/ratings_controller.rb": {
        "lines": [
          1,
          1,
          1,
          1,
          1,
          1,
          1,
          null,
          null,
          1,
          1,
          1,
          null,
          null,
          1,
          1,
          1,
          1,
          1,
          null,
          0,
          0,
          null,
          null,
          null,
          1,
          1,
          1,
          1,
          null,
          null
        ]
      },
      "/home/ad/lxhome/m/muto/Linux/TKT/Web-palevlinohjelmointi/ratebeer/app/channels/application_cable/channel.rb": {
        "lines": [
          0,
          0,
          0,
          0
        ],
        "branches": {
        }
      },
      "/home/ad/lxhome/m/muto/Linux/TKT/Web-palevlinohjelmointi/ratebeer/app/channels/application_cable/connection.rb": {
        "lines": [
          0,
          0,
          0,
          0
        ],
        "branches": {
        }
      },
      "/home/ad/lxhome/m/muto/Linux/TKT/Web-palevlinohjelmointi/ratebeer/app/controllers/beer_clubs_controller.rb": {
        "lines": [
          0,
          0,
          0,
          null,
          null,
          0,
          0,
          0,
          null,
          null,
          0,
          0,
          0,
          0,
          0,
          null,
          null,
          0,
          0,
          0,
          null,
          null,
          0,
          0,
          null,
          null,
          0,
          0,
          null,
          0,
          0,
          0,
          0,
          0,
          0,
          0,
          0,
          0,
          0,
          null,
          null,
          0,
          0,
          0,
          0,
          0,
          0,
          0,
          0,
          0,
          0,
          0,
          null,
          null,
          0,
          0,
          null,
          0,
          0,
          0,
          0,
          0,
          null,
          0,
          null,
          null,
          0,
          0,
          0,
          null,
          null,
          0,
          0,
          0,
          0
        ],
        "branches": {
        }
      },
      "/home/ad/lxhome/m/muto/Linux/TKT/Web-palevlinohjelmointi/ratebeer/app/controllers/memberships_controller.rb": {
        "lines": [
          0,
          0,
          null,
          null,
          0,
          0,
          0,
          null,
          null,
          0,
          0,
          null,
          null,
          0,
          0,
          0,
          0,
          null,
          null,
          0,
          0,
          null,
          null,
          0,
          0,
          null,
          0,
          0,
          0,
          0,
          0,
          0,
          0,
          0,
          0,
          0,
          null,
          null,
          0,
          0,
          0,
          0,
          0,
          0,
          0,
          0,
          0,
          0,
          0,
          null,
          null,
          0,
          0,
          null,
          0,
          0,
          0,
          0,
          0,
          null,
          0,
          null,
          null,
          0,
          0,
          0,
          null,
          null,
          0,
          0,
          0,
          0
        ],
        "branches": {
        }
      },
      "/home/ad/lxhome/m/muto/Linux/TKT/Web-palevlinohjelmointi/ratebeer/app/controllers/styles_controller.rb": {
        "lines": [
          0,
          0,
          null,
          null,
          0,
          0,
          0,
          null,
          null,
          0,
          0,
          null,
          null,
          0,
          0,
          0,
          null,
          null,
          0,
          0,
          null,
          null,
          0,
          0,
          null,
          0,
          0,
          0,
          0,
          0,
          0,
          0,
          0,
          0,
          0,
          null,
          null,
          0,
          0,
          0,
          0,
          0,
          0,
          0,
          0,
          0,
          0,
          0,
          null,
          null,
          0,
          0,
          null,
          0,
          0,
          0,
          0,
          0,
          null,
          0,
          null,
          null,
          0,
          0,
          0,
          null,
          null,
          0,
          0,
          0,
          0
        ],
        "branches": {
        }
      },
      "/home/ad/lxhome/m/muto/Linux/TKT/Web-palevlinohjelmointi/ratebeer/app/jobs/application_job.rb": {
        "lines": [
          0,
          null,
          null,
          null,
          null,
          null,
          0
        ],
        "branches": {
        }
      },
      "/home/ad/lxhome/m/muto/Linux/TKT/Web-palevlinohjelmointi/ratebeer/app/mailers/application_mailer.rb": {
        "lines": [
          0,
          0,
          0,
          0
        ],
        "branches": {
        }
      }
    },
    "timestamp": 1671744179
  }
}
